[10/Jan/2015 18:47:26]INFO[get_form] dor is seeing: 345764: hjkhlklddkjdddor
[10/Jan/2015 18:47:26]INFO[get_form] dor is seeing: None
[10/Jan/2015 18:47:26]INFO[get_form] dor is seeing: 345764: hjkhlklddkjdddor
[18/Jan/2015 14:14:12]INFO[get_form] dor is seeing: 23234: dor
[18/Jan/2015 14:14:12]INFO[get_form] dor is seeing: None
[18/Jan/2015 14:14:12]INFO[get_form] dor is seeing: 23234: dor
[18/Jan/2015 14:15:53]INFO[get_form] dor is seeing: 23234: dor
[18/Jan/2015 14:15:53]INFO[get_form] dor is seeing: None
[18/Jan/2015 14:15:53]INFO[get_form] dor is seeing: 23234: dor
[18/Jan/2015 14:16:04]INFO[get_form] dor is seeing: 23234: dor
[18/Jan/2015 14:16:04]INFO[get_form] dor is seeing: None
[19/Jan/2015 10:09:29]INFO[get_form] user is seeing: 345764: hjkhlklddkjdddor
[19/Jan/2015 10:09:29]INFO[get_form] user is seeing: None
[19/Jan/2015 10:09:29]INFO[get_form] user is seeing: 345764: hjkhlklddkjdddor
[19/Jan/2015 10:10:55]INFO[get_form] user is seeing: 23234: dor
[19/Jan/2015 10:10:55]INFO[get_form] user is seeing: None
[19/Jan/2015 10:10:55]INFO[get_form] user is seeing: 23234: dor
[19/Jan/2015 20:29:43]INFO[create] added new incentive:324234: ewrqwer
[19/Jan/2015 20:30:13]INFO[create] added new incentive:324234: ewrqwer
[19/Jan/2015 20:30:27]INFO[create] added new incentive:324234: DOR
[20/Jan/2015 05:48:18]INFO[create] added new incentive:123123: SendEmail
[20/Jan/2015 09:11:10]INFO[get_form] dor is seeing: 123123: SendEmail
[20/Jan/2015 09:11:16]INFO[get_form] dor is seeing: 123123: SendEmail
[20/Jan/2015 09:11:16]INFO[get_form] dor is seeing: None
[20/Jan/2015 09:11:16]INFO[get_form] dor is seeing: 123123: SendEmail
[20/Jan/2015 09:12:37]INFO[get_form] dor is seeing: Document object
[20/Jan/2015 09:12:37]INFO[get_form] dor is seeing: None
[20/Jan/2015 09:12:37]INFO[get_form] dor is seeing: Document object
[20/Jan/2015 09:13:43]INFO[get_form] dor is seeing: Document object
[20/Jan/2015 09:13:43]INFO[get_form] dor is seeing: None
[20/Jan/2015 09:13:43]INFO[get_form] dor is seeing: Document object
[20/Jan/2015 09:13:55]INFO[get_form] dor is seeing: Document object
[20/Jan/2015 09:13:55]INFO[get_form] dor is seeing: None
[20/Jan/2015 09:13:55]INFO[get_form] dor is seeing: Document object
[21/Jan/2015 07:52:36]INFO[create] added new incentive:14232: DoNoting
[27/Jan/2015 06:35:10]INFO[get_form] user is seeing: None
[27/Jan/2015 06:35:10]INFO[get_form] user is seeing: None
[27/Jan/2015 06:35:10]INFO[get_form] user is seeing: None
[18/Feb/2015 12:08:16]INFO[create] added new incentive:1423332: DoNoting
[05/Mar/2015 16:56:29]INFO[create] added new incentive:123: Test
